<?xml version="1.0" encoding="UTF-8"?>
<!-- Generated by org.testng.reporters.JUnitReportReporter -->
<testsuite hostname="DESKTOP-B59MAAA" failures="0" tests="1" name="seleniumtest.demo1" time="104.209" errors="0" timestamp="2021-11-02T13:38:48 IST" skipped="0">
  <testcase classname="seleniumtest.demo1" name="navigate" time="104.209"/>
  <system-out/>
</testsuite> <!-- seleniumtest.demo1 -->
