<?xml version="1.0" encoding="UTF-8"?>
<!-- Generated by org.testng.reporters.JUnitReportReporter -->
<testsuite hostname="DESKTOP-B59MAAA" failures="0" tests="1" name="seleniumtest.demo" time="11.303" errors="0" timestamp="2022-08-21T16:15:17 IST" skipped="0">
  <testcase classname="seleniumtest.demo" name="test" time="11.303"/>
  <system-out/>
</testsuite> <!-- seleniumtest.demo -->
